<?xml version="1.0" encoding="UTF-8"?>
<testsuite name="com.example.SafeInvokerApplicationTests" tests="1" skipped="0" failures="0" errors="0" timestamp="2023-01-19T11:13:49" hostname="dawid-IdeaPad-3" time="0.248">
  <properties/>
  <testcase name="contextLoads()" classname="com.example.SafeInvokerApplicationTests" time="0.248"/>
  <system-out><![CDATA[12:13:48.638 [Test worker] DEBUG org.springframework.test.context.BootstrapUtils - Instantiating CacheAwareContextLoaderDelegate from class [org.springframework.test.context.cache.DefaultCacheAwareContextLoaderDelegate]
12:13:48.646 [Test worker] DEBUG org.springframework.test.context.BootstrapUtils - Instantiating BootstrapContext using constructor [public org.springframework.test.context.support.DefaultBootstrapContext(java.lang.Class,org.springframework.test.context.CacheAwareContextLoaderDelegate)]
12:13:48.671 [Test worker] DEBUG org.springframework.test.context.BootstrapUtils - Instantiating TestContextBootstrapper for test class [com.example.SafeInvokerApplicationTests] from class [org.springframework.boot.test.context.SpringBootTestContextBootstrapper]
12:13:48.677 [Test worker] INFO org.springframework.boot.test.context.SpringBootTestContextBootstrapper - Neither @ContextConfiguration nor @ContextHierarchy found for test class [com.example.SafeInvokerApplicationTests], using SpringBootContextLoader
12:13:48.680 [Test worker] DEBUG org.springframework.test.context.support.AbstractContextLoader - Did not detect default resource location for test class [com.example.SafeInvokerApplicationTests]: class path resource [com/example/SafeInvokerApplicationTests-context.xml] does not exist
12:13:48.680 [Test worker] DEBUG org.springframework.test.context.support.AbstractContextLoader - Did not detect default resource location for test class [com.example.SafeInvokerApplicationTests]: class path resource [com/example/SafeInvokerApplicationTestsContext.groovy] does not exist
12:13:48.680 [Test worker] INFO org.springframework.test.context.support.AbstractContextLoader - Could not detect default resource locations for test class [com.example.SafeInvokerApplicationTests]: no resource found for suffixes {-context.xml, Context.groovy}.
12:13:48.681 [Test worker] INFO org.springframework.test.context.support.AnnotationConfigContextLoaderUtils - Could not detect default configuration classes for test class [com.example.SafeInvokerApplicationTests]: SafeInvokerApplicationTests does not declare any static, non-private, non-final, nested classes annotated with @Configuration.
12:13:48.702 [Test worker] DEBUG org.springframework.test.context.support.ActiveProfilesUtils - Could not find an 'annotation declaring class' for annotation type [org.springframework.test.context.ActiveProfiles] and class [com.example.SafeInvokerApplicationTests]
12:13:48.742 [Test worker] DEBUG org.springframework.context.annotation.ClassPathScanningCandidateComponentProvider - Identified candidate component class: file [/home/maister/Desktop/Java/JAZ/lab-07-s24306/safe-invoker/build/classes/java/main/com/example/SafeInvokerApplication.class]
12:13:48.743 [Test worker] INFO org.springframework.boot.test.context.SpringBootTestContextBootstrapper - Found @SpringBootConfiguration com.example.SafeInvokerApplication for test class com.example.SafeInvokerApplicationTests
12:13:48.790 [Test worker] DEBUG org.springframework.boot.test.context.SpringBootTestContextBootstrapper - @TestExecutionListeners is not present for class [com.example.SafeInvokerApplicationTests]: using defaults.
12:13:48.791 [Test worker] INFO org.springframework.boot.test.context.SpringBootTestContextBootstrapper - Loaded default TestExecutionListener class names from location [META-INF/spring.factories]: [org.springframework.boot.test.autoconfigure.restdocs.RestDocsTestExecutionListener, org.springframework.boot.test.autoconfigure.web.client.MockRestServiceServerResetTestExecutionListener, org.springframework.boot.test.autoconfigure.web.servlet.MockMvcPrintOnlyOnFailureTestExecutionListener, org.springframework.boot.test.autoconfigure.web.servlet.WebDriverTestExecutionListener, org.springframework.boot.test.autoconfigure.webservices.client.MockWebServiceServerTestExecutionListener, org.springframework.boot.test.mock.mockito.MockitoTestExecutionListener, org.springframework.boot.test.mock.mockito.ResetMocksTestExecutionListener, org.springframework.test.context.web.ServletTestExecutionListener, org.springframework.test.context.support.DirtiesContextBeforeModesTestExecutionListener, org.springframework.test.context.event.ApplicationEventsTestExecutionListener, org.springframework.test.context.support.DependencyInjectionTestExecutionListener, org.springframework.test.context.support.DirtiesContextTestExecutionListener, org.springframework.test.context.transaction.TransactionalTestExecutionListener, org.springframework.test.context.jdbc.SqlScriptsTestExecutionListener, org.springframework.test.context.event.EventPublishingTestExecutionListener]
12:13:48.796 [Test worker] DEBUG org.springframework.boot.test.context.SpringBootTestContextBootstrapper - Skipping candidate TestExecutionListener [org.springframework.test.context.web.ServletTestExecutionListener] due to a missing dependency. Specify custom listener classes or make the default listener classes and their required dependencies available. Offending class: [javax/servlet/ServletContext]
12:13:48.797 [Test worker] DEBUG org.springframework.boot.test.context.SpringBootTestContextBootstrapper - Skipping candidate TestExecutionListener [org.springframework.test.context.transaction.TransactionalTestExecutionListener] due to a missing dependency. Specify custom listener classes or make the default listener classes and their required dependencies available. Offending class: [org/springframework/transaction/interceptor/TransactionAttributeSource]
12:13:48.797 [Test worker] DEBUG org.springframework.boot.test.context.SpringBootTestContextBootstrapper - Skipping candidate TestExecutionListener [org.springframework.test.context.jdbc.SqlScriptsTestExecutionListener] due to a missing dependency. Specify custom listener classes or make the default listener classes and their required dependencies available. Offending class: [org/springframework/transaction/interceptor/TransactionAttribute]
12:13:48.798 [Test worker] INFO org.springframework.boot.test.context.SpringBootTestContextBootstrapper - Using TestExecutionListeners: [org.springframework.test.context.support.DirtiesContextBeforeModesTestExecutionListener@45e37a7e, org.springframework.test.context.event.ApplicationEventsTestExecutionListener@62452cc9, org.springframework.boot.test.mock.mockito.MockitoTestExecutionListener@6941827a, org.springframework.boot.test.autoconfigure.SpringBootDependencyInjectionTestExecutionListener@5a7005d, org.springframework.test.context.support.DirtiesContextTestExecutionListener@5bc9ba1d, org.springframework.test.context.event.EventPublishingTestExecutionListener@1021f6c9, org.springframework.boot.test.autoconfigure.restdocs.RestDocsTestExecutionListener@7516e4e5, org.springframework.boot.test.autoconfigure.web.client.MockRestServiceServerResetTestExecutionListener@488eb7f2, org.springframework.boot.test.autoconfigure.web.servlet.MockMvcPrintOnlyOnFailureTestExecutionListener@5e81e5ac, org.springframework.boot.test.autoconfigure.web.servlet.WebDriverTestExecutionListener@4189d70b, org.springframework.boot.test.autoconfigure.webservices.client.MockWebServiceServerTestExecutionListener@3fa2213, org.springframework.boot.test.mock.mockito.ResetMocksTestExecutionListener@3e7634b9]
12:13:48.800 [Test worker] DEBUG org.springframework.test.context.support.AbstractDirtiesContextTestExecutionListener - Before test class: context [DefaultTestContext@4da602fc testClass = SafeInvokerApplicationTests, testInstance = [null], testMethod = [null], testException = [null], mergedContextConfiguration = [MergedContextConfiguration@2a8d39c4 testClass = SafeInvokerApplicationTests, locations = '{}', classes = '{class com.example.SafeInvokerApplication}', contextInitializerClasses = '[]', activeProfiles = '{}', propertySourceLocations = '{}', propertySourceProperties = '{org.springframework.boot.test.context.SpringBootTestContextBootstrapper=true}', contextCustomizers = set[org.springframework.boot.test.autoconfigure.actuate.metrics.MetricsExportContextCustomizerFactory$DisableMetricExportContextCustomizer@1fb19a0, org.springframework.boot.test.autoconfigure.properties.PropertyMappingContextCustomizer@0, org.springframework.boot.test.autoconfigure.web.servlet.WebDriverContextCustomizerFactory$Customizer@7b8b43c7, org.springframework.boot.test.context.filter.ExcludeFilterContextCustomizer@7fcf2fc1, org.springframework.boot.test.json.DuplicateJsonObjectContextCustomizerFactory$DuplicateJsonObjectContextCustomizer@20435c40, org.springframework.boot.test.mock.mockito.MockitoContextCustomizer@0, org.springframework.boot.test.web.client.TestRestTemplateContextCustomizer@59cba5a, org.springframework.boot.test.context.SpringBootTestArgs@1, org.springframework.boot.test.context.SpringBootTestWebEnvironment@fbd1f6], contextLoader = 'org.springframework.boot.test.context.SpringBootContextLoader', parent = [null]], attributes = map[[empty]]], class annotated with @DirtiesContext [false] with mode [null].
12:13:48.809 [Test worker] DEBUG org.springframework.test.context.support.DependencyInjectionTestExecutionListener - Performing dependency injection for test context [[DefaultTestContext@4da602fc testClass = SafeInvokerApplicationTests, testInstance = com.example.SafeInvokerApplicationTests@cb191ca, testMethod = [null], testException = [null], mergedContextConfiguration = [MergedContextConfiguration@2a8d39c4 testClass = SafeInvokerApplicationTests, locations = '{}', classes = '{class com.example.SafeInvokerApplication}', contextInitializerClasses = '[]', activeProfiles = '{}', propertySourceLocations = '{}', propertySourceProperties = '{org.springframework.boot.test.context.SpringBootTestContextBootstrapper=true}', contextCustomizers = set[org.springframework.boot.test.autoconfigure.actuate.metrics.MetricsExportContextCustomizerFactory$DisableMetricExportContextCustomizer@1fb19a0, org.springframework.boot.test.autoconfigure.properties.PropertyMappingContextCustomizer@0, org.springframework.boot.test.autoconfigure.web.servlet.WebDriverContextCustomizerFactory$Customizer@7b8b43c7, org.springframework.boot.test.context.filter.ExcludeFilterContextCustomizer@7fcf2fc1, org.springframework.boot.test.json.DuplicateJsonObjectContextCustomizerFactory$DuplicateJsonObjectContextCustomizer@20435c40, org.springframework.boot.test.mock.mockito.MockitoContextCustomizer@0, org.springframework.boot.test.web.client.TestRestTemplateContextCustomizer@59cba5a, org.springframework.boot.test.context.SpringBootTestArgs@1, org.springframework.boot.test.context.SpringBootTestWebEnvironment@fbd1f6], contextLoader = 'org.springframework.boot.test.context.SpringBootContextLoader', parent = [null]], attributes = map['org.springframework.test.context.event.ApplicationEventsTestExecutionListener.recordApplicationEvents' -> false]]].

  .   ____          _            __ _ _
 /\\ / ___'_ __ _ _(_)_ __  __ _ \ \ \ \
( ( )\___ | '_ | '_| | '_ \/ _` | \ \ \ \
 \\/  ___)| |_)| | | | | || (_| |  ) ) ) )
  '  |____| .__|_| |_|_| |_\__, | / / / /
 =========|_|==============|___/=/_/_/_/
 :: Spring Boot ::                (v2.7.5)

2023-01-19 12:13:48.977  INFO 5921 --- [    Test worker] com.example.SafeInvokerApplicationTests  : Starting SafeInvokerApplicationTests using Java 18 on dawid-IdeaPad-3 with PID 5921 (started by maister in /home/maister/Desktop/Java/JAZ/lab-07-s24306/safe-invoker)
2023-01-19 12:13:48.978  INFO 5921 --- [    Test worker] com.example.SafeInvokerApplicationTests  : No active profile set, falling back to 1 default profile: "default"
2023-01-19 12:13:49.278  INFO 5921 --- [    Test worker] com.example.SafeInvokerApplicationTests  : Started SafeInvokerApplicationTests in 0.455 seconds (JVM running for 1.156)
]]></system-out>
  <system-err><![CDATA[]]></system-err>
</testsuite>
